O arquivo de log foi criado com sucesso : Fri Oct 30 19:57:17 BRST 2015
Programa aberto com sucesso : Fri Oct 30 19:57:17 BRST 2015
Usuario Admin logado na aplicacao : Fri Oct 30 19:57:22 BRST 2015
Programa aberto com sucesso : Fri Oct 30 20:00:56 BRST 2015
Falha ao fazer login na Aplicacao, usuario ou senha incorreta : Fri Oct 30 20:01:04 BRST 2015
Usuario Admin logado na aplicacao : Fri Oct 30 20:01:26 BRST 2015
Programa aberto com sucesso : Fri Oct 30 20:38:38 BRST 2015
Programa aberto com sucesso : Fri Oct 30 20:38:45 BRST 2015
Programa aberto com sucesso : Fri Oct 30 20:56:12 BRST 2015
Usuario Admin logado na aplicacao : Fri Oct 30 20:56:18 BRST 2015
Programa aberto com sucesso : Fri Oct 30 20:56:59 BRST 2015
Usuario Admin logado na aplicacao : Fri Oct 30 20:57:05 BRST 2015
Programa aberto com sucesso : Fri Oct 30 21:23:59 BRST 2015
Usuario Admin logado na aplicacao : Fri Oct 30 21:24:06 BRST 2015
Programa aberto com sucesso : Thu Nov 05 21:00:14 BRST 2015
Usuario Admin logado na aplicacao : Thu Nov 05 21:00:21 BRST 2015
Programa aberto com sucesso : Thu Nov 05 21:01:26 BRST 2015
Usuario Admin logado na aplicacao : Thu Nov 05 21:01:33 BRST 2015
Programa aberto com sucesso : Thu Nov 05 21:03:36 BRST 2015
Usuario Admin logado na aplicacao : Thu Nov 05 21:03:42 BRST 2015
Programa aberto com sucesso : Thu Nov 05 21:09:03 BRST 2015
Usuario Admin logado na aplicacao : Thu Nov 05 21:09:14 BRST 2015
Erro ao gravar : O nome do usuario nao pode ser null : Thu Nov 05 21:09:28 BRST 2015
Programa aberto com sucesso : Fri Nov 06 20:47:05 BRST 2015
Usuario Admin logado na aplicacao : Fri Nov 06 20:47:14 BRST 2015
Programa aberto com sucesso : Fri Nov 06 20:48:09 BRST 2015
Usuario Admin logado na aplicacao : Fri Nov 06 20:48:19 BRST 2015
Programa aberto com sucesso : Fri Nov 06 20:52:11 BRST 2015
Usuario Admin logado na aplicacao : Fri Nov 06 20:52:17 BRST 2015
Programa aberto com sucesso : Fri Nov 06 20:53:26 BRST 2015
Usuario Admin logado na aplicacao : Fri Nov 06 20:53:33 BRST 2015
