/*C1230*/SET SCHEMA PUBLIC
CONNECT USER SA
/*C1231*/SET SCHEMA PUBLIC
CONNECT USER SA
DISCONNECT
/*C1232*/SET SCHEMA PUBLIC
CONNECT USER SA
DISCONNECT
/*C1233*/SET SCHEMA PUBLIC
CONNECT USER SA
DISCONNECT
/*C1234*/SET SCHEMA PUBLIC
CONNECT USER SA
DISCONNECT
/*C1235*/SET SCHEMA PUBLIC
CONNECT USER SA
DISCONNECT
/*C1236*/SET SCHEMA PUBLIC
CONNECT USER SA
DISCONNECT
/*C1237*/SET SCHEMA PUBLIC
CONNECT USER SA
DISCONNECT
/*C1238*/SET SCHEMA PUBLIC
CONNECT USER SA
DISCONNECT
/*C1239*/SET SCHEMA PUBLIC
CONNECT USER SA
DISCONNECT
/*C1240*/SET SCHEMA PUBLIC
CONNECT USER SA
DISCONNECT
/*C1241*/SET SCHEMA PUBLIC
CONNECT USER SA
DISCONNECT
/*C1242*/SET SCHEMA PUBLIC
CONNECT USER SA
DISCONNECT
/*C1243*/SET SCHEMA PUBLIC
CONNECT USER SA
DISCONNECT
/*C1244*/SET SCHEMA PUBLIC
CONNECT USER SA
DISCONNECT
/*C1245*/SET SCHEMA PUBLIC
CONNECT USER SA
DISCONNECT
/*C1246*/SET SCHEMA PUBLIC
CONNECT USER SA
DISCONNECT
/*C1247*/SET SCHEMA PUBLIC
CONNECT USER SA
DISCONNECT
/*C1248*/SET SCHEMA PUBLIC
CONNECT USER SA
DISCONNECT
/*C1249*/SET SCHEMA PUBLIC
CONNECT USER SA
DISCONNECT
/*C1250*/SET SCHEMA PUBLIC
CONNECT USER SA
DISCONNECT
/*C1251*/SET SCHEMA PUBLIC
CONNECT USER SA
DISCONNECT
/*C1252*/SET SCHEMA PUBLIC
CONNECT USER SA
DISCONNECT
/*C1253*/SET SCHEMA PUBLIC
CONNECT USER SA
DISCONNECT
/*C1254*/SET SCHEMA PUBLIC
CONNECT USER SA
DISCONNECT
/*C1255*/SET SCHEMA PUBLIC
CONNECT USER SA
DISCONNECT
/*C1256*/SET SCHEMA PUBLIC
CONNECT USER SA
DISCONNECT
/*C1257*/SET SCHEMA PUBLIC
CONNECT USER SA
DISCONNECT
/*C1258*/SET SCHEMA PUBLIC
CONNECT USER SA
DISCONNECT
/*C1259*/SET SCHEMA PUBLIC
CONNECT USER SA
DISCONNECT
/*C1260*/SET SCHEMA PUBLIC
CONNECT USER SA
DISCONNECT
/*C1261*/SET SCHEMA PUBLIC
CONNECT USER SA
SET AUTOCOMMIT FALSE
DELETE FROM CURSOS WHERE ID=17
INSERT INTO CURSOS VALUES(17,13,'Ciencia da Computa\u00e7\u00e3o',76,FALSE,FALSE,TRUE,'Descri\u00e7\u00e3o n\u00e3o informada')
SET AUTOCOMMIT TRUE
DISCONNECT
/*C1262*/SET SCHEMA PUBLIC
CONNECT USER SA
DISCONNECT
/*C1263*/SET SCHEMA PUBLIC
CONNECT USER SA
DISCONNECT
/*C1264*/SET SCHEMA PUBLIC
CONNECT USER SA
DISCONNECT
/*C1265*/SET SCHEMA PUBLIC
CONNECT USER SA
DISCONNECT
/*C1266*/SET SCHEMA PUBLIC
CONNECT USER SA
DISCONNECT
/*C1267*/SET SCHEMA PUBLIC
CONNECT USER SA
DISCONNECT
/*C1268*/SET SCHEMA PUBLIC
CONNECT USER SA
DISCONNECT
/*C1269*/SET SCHEMA PUBLIC
CONNECT USER SA
SET AUTOCOMMIT FALSE
DELETE FROM CURSOS WHERE ID=17
INSERT INTO CURSOS VALUES(17,13,'Ciencia da Computa\u00e7\u00e3o',10,TRUE,FALSE,TRUE,'Descri\u00e7\u00e3o n\u00e3o informada')
SET AUTOCOMMIT TRUE
DISCONNECT
/*C1270*/SET SCHEMA PUBLIC
CONNECT USER SA
DISCONNECT
/*C1271*/SET SCHEMA PUBLIC
CONNECT USER SA
DISCONNECT
/*C1272*/SET SCHEMA PUBLIC
CONNECT USER SA
DISCONNECT
/*C1273*/SET SCHEMA PUBLIC
CONNECT USER SA
DISCONNECT
/*C1274*/SET SCHEMA PUBLIC
CONNECT USER SA
DISCONNECT
/*C1275*/SET SCHEMA PUBLIC
CONNECT USER SA
DISCONNECT
/*C1276*/SET SCHEMA PUBLIC
CONNECT USER SA
DISCONNECT
/*C1277*/SET SCHEMA PUBLIC
CONNECT USER SA
DISCONNECT
/*C1278*/SET SCHEMA PUBLIC
CONNECT USER SA
DISCONNECT
/*C1279*/SET SCHEMA PUBLIC
CONNECT USER SA
DISCONNECT
/*C1280*/SET SCHEMA PUBLIC
CONNECT USER SA
DISCONNECT
/*C1281*/SET SCHEMA PUBLIC
CONNECT USER SA
DISCONNECT
/*C1282*/SET SCHEMA PUBLIC
CONNECT USER SA
DISCONNECT
/*C1283*/SET SCHEMA PUBLIC
CONNECT USER SA
DISCONNECT
/*C1284*/SET SCHEMA PUBLIC
CONNECT USER SA
DISCONNECT
/*C1285*/SET SCHEMA PUBLIC
CONNECT USER SA
DISCONNECT
/*C1286*/SET SCHEMA PUBLIC
CONNECT USER SA
DISCONNECT
/*C1287*/SET SCHEMA PUBLIC
CONNECT USER SA
DISCONNECT
/*C1288*/SET SCHEMA PUBLIC
CONNECT USER SA
DISCONNECT
/*C1289*/SET SCHEMA PUBLIC
CONNECT USER SA
DISCONNECT
/*C1290*/SET SCHEMA PUBLIC
CONNECT USER SA
DISCONNECT
/*C1291*/SET SCHEMA PUBLIC
CONNECT USER SA
DISCONNECT
/*C1292*/SET SCHEMA PUBLIC
CONNECT USER SA
DISCONNECT
/*C1293*/SET SCHEMA PUBLIC
CONNECT USER SA
DISCONNECT
/*C1294*/SET SCHEMA PUBLIC
CONNECT USER SA
DISCONNECT
/*C1295*/SET SCHEMA PUBLIC
CONNECT USER SA
DISCONNECT
/*C1296*/SET SCHEMA PUBLIC
CONNECT USER SA
DISCONNECT
/*C1297*/SET SCHEMA PUBLIC
CONNECT USER SA
DISCONNECT
/*C1298*/SET SCHEMA PUBLIC
CONNECT USER SA
DISCONNECT
/*C1299*/SET SCHEMA PUBLIC
CONNECT USER SA
DISCONNECT
/*C1300*/SET SCHEMA PUBLIC
CONNECT USER SA
DISCONNECT
/*C1301*/SET SCHEMA PUBLIC
CONNECT USER SA
DISCONNECT
/*C1302*/SET SCHEMA PUBLIC
CONNECT USER SA
DISCONNECT
/*C1303*/SET SCHEMA PUBLIC
CONNECT USER SA
DISCONNECT
/*C1304*/SET SCHEMA PUBLIC
CONNECT USER SA
DISCONNECT
/*C1305*/SET SCHEMA PUBLIC
CONNECT USER SA
DISCONNECT
/*C1306*/SET SCHEMA PUBLIC
CONNECT USER SA
SET AUTOCOMMIT FALSE
DELETE FROM CURSOS WHERE ID=17
INSERT INTO CURSOS VALUES(17,0,'Ciencia da Computa\u00e7\u00e3o',10,TRUE,TRUE,TRUE,'Descri\u00e7\u00e3o n\u00e3o informada')
SET AUTOCOMMIT TRUE
DISCONNECT
/*C1307*/SET SCHEMA PUBLIC
CONNECT USER SA
DISCONNECT
/*C1308*/SET SCHEMA PUBLIC
CONNECT USER SA
DISCONNECT
/*C1309*/SET SCHEMA PUBLIC
CONNECT USER SA
DISCONNECT
/*C1310*/SET SCHEMA PUBLIC
CONNECT USER SA
DISCONNECT
/*C1311*/SET SCHEMA PUBLIC
CONNECT USER SA
DISCONNECT
/*C1312*/SET SCHEMA PUBLIC
CONNECT USER SA
DISCONNECT
/*C1313*/SET SCHEMA PUBLIC
CONNECT USER SA
DISCONNECT
/*C1314*/SET SCHEMA PUBLIC
CONNECT USER SA
SET AUTOCOMMIT FALSE
DELETE FROM CURSOS WHERE ID=17
INSERT INTO CURSOS VALUES(17,0,'Ciencia da Computa\u00e7\u00e3o',10,TRUE,TRUE,TRUE,'teste')
SET AUTOCOMMIT TRUE
DISCONNECT
/*C1315*/SET SCHEMA PUBLIC
CONNECT USER SA
DISCONNECT
/*C1316*/SET SCHEMA PUBLIC
CONNECT USER SA
DISCONNECT
/*C1317*/SET SCHEMA PUBLIC
CONNECT USER SA
DISCONNECT
/*C1318*/SET SCHEMA PUBLIC
CONNECT USER SA
DISCONNECT
/*C1319*/SET SCHEMA PUBLIC
CONNECT USER SA
DISCONNECT
/*C1320*/SET SCHEMA PUBLIC
CONNECT USER SA
DISCONNECT
/*C1321*/SET SCHEMA PUBLIC
CONNECT USER SA
DISCONNECT
/*C1322*/SET SCHEMA PUBLIC
CONNECT USER SA
DISCONNECT
/*C1323*/SET SCHEMA PUBLIC
CONNECT USER SA
DISCONNECT
/*C1324*/SET SCHEMA PUBLIC
CONNECT USER SA
DISCONNECT
/*C1325*/SET SCHEMA PUBLIC
CONNECT USER SA
DISCONNECT
/*C1326*/SET SCHEMA PUBLIC
CONNECT USER SA
SET AUTOCOMMIT FALSE
DELETE FROM CURSOS WHERE ID=17
INSERT INTO CURSOS VALUES(17,13,'Ciencia da Computa\u00e7\u00e3o',10,TRUE,TRUE,TRUE,'teste')
SET AUTOCOMMIT TRUE
DISCONNECT
/*C1327*/SET SCHEMA PUBLIC
CONNECT USER SA
DISCONNECT
/*C1328*/SET SCHEMA PUBLIC
CONNECT USER SA
DISCONNECT
/*C1329*/SET SCHEMA PUBLIC
CONNECT USER SA
DISCONNECT
/*C1330*/SET SCHEMA PUBLIC
CONNECT USER SA
DISCONNECT
/*C1331*/SET SCHEMA PUBLIC
CONNECT USER SA
DISCONNECT
/*C1332*/SET SCHEMA PUBLIC
CONNECT USER SA
DISCONNECT
/*C1333*/SET SCHEMA PUBLIC
CONNECT USER SA
DISCONNECT
/*C1334*/SET SCHEMA PUBLIC
CONNECT USER SA
DISCONNECT
/*C1335*/SET SCHEMA PUBLIC
CONNECT USER SA
DISCONNECT
/*C1336*/SET SCHEMA PUBLIC
CONNECT USER SA
DISCONNECT
/*C1337*/SET SCHEMA PUBLIC
CONNECT USER SA
DISCONNECT
/*C1338*/SET SCHEMA PUBLIC
CONNECT USER SA
DISCONNECT
/*C1339*/SET SCHEMA PUBLIC
CONNECT USER SA
DISCONNECT
/*C1340*/SET SCHEMA PUBLIC
CONNECT USER SA
DISCONNECT
/*C1341*/SET SCHEMA PUBLIC
CONNECT USER SA
DISCONNECT
/*C1342*/SET SCHEMA PUBLIC
CONNECT USER SA
DISCONNECT
/*C1343*/SET SCHEMA PUBLIC
CONNECT USER SA
DISCONNECT
/*C1344*/SET SCHEMA PUBLIC
CONNECT USER SA
DISCONNECT
/*C1345*/SET SCHEMA PUBLIC
CONNECT USER SA
DISCONNECT
/*C1346*/SET SCHEMA PUBLIC
CONNECT USER SA
DISCONNECT
/*C1347*/SET SCHEMA PUBLIC
CONNECT USER SA
DISCONNECT
/*C1348*/SET SCHEMA PUBLIC
CONNECT USER SA
DISCONNECT
/*C1349*/SET SCHEMA PUBLIC
CONNECT USER SA
DISCONNECT
/*C1350*/SET SCHEMA PUBLIC
CONNECT USER SA
DISCONNECT
/*C1351*/SET SCHEMA PUBLIC
CONNECT USER SA
DISCONNECT
/*C1352*/SET SCHEMA PUBLIC
CONNECT USER SA
DISCONNECT
/*C1353*/SET SCHEMA PUBLIC
CONNECT USER SA
DISCONNECT
/*C1354*/SET SCHEMA PUBLIC
CONNECT USER SA
DISCONNECT
/*C1355*/SET SCHEMA PUBLIC
CONNECT USER SA
DISCONNECT
/*C1356*/SET SCHEMA PUBLIC
CONNECT USER SA
DISCONNECT
/*C1357*/SET SCHEMA PUBLIC
CONNECT USER SA
DISCONNECT
/*C1358*/SET SCHEMA PUBLIC
CONNECT USER SA
SET AUTOCOMMIT FALSE
DELETE FROM CURSOS WHERE ID=17
INSERT INTO CURSOS VALUES(17,13,'Ciencia da Computa\u00e7\u00e3o',10,FALSE,TRUE,TRUE,'teste')
SET AUTOCOMMIT TRUE
DISCONNECT
/*C1359*/SET SCHEMA PUBLIC
CONNECT USER SA
DISCONNECT
/*C1360*/SET SCHEMA PUBLIC
CONNECT USER SA
DISCONNECT
/*C1361*/SET SCHEMA PUBLIC
CONNECT USER SA
DISCONNECT
/*C1362*/SET SCHEMA PUBLIC
CONNECT USER SA
DISCONNECT
/*C1363*/SET SCHEMA PUBLIC
CONNECT USER SA
DISCONNECT
/*C1364*/SET SCHEMA PUBLIC
CONNECT USER SA
DISCONNECT
/*C1365*/SET SCHEMA PUBLIC
CONNECT USER SA
DISCONNECT
/*C1366*/SET SCHEMA PUBLIC
CONNECT USER SA
DISCONNECT
/*C1367*/SET SCHEMA PUBLIC
CONNECT USER SA
DISCONNECT
/*C1368*/SET SCHEMA PUBLIC
CONNECT USER SA
DISCONNECT
/*C1369*/SET SCHEMA PUBLIC
CONNECT USER SA
SET AUTOCOMMIT FALSE
DELETE FROM CURSOS WHERE ID=17
INSERT INTO CURSOS VALUES(17,13,'Ciencia da Computa\u00e7\u00e3o',10,FALSE,TRUE,TRUE,'tessssssssssssssssssssssste')
SET AUTOCOMMIT TRUE
DISCONNECT
/*C1370*/SET SCHEMA PUBLIC
CONNECT USER SA
DISCONNECT
/*C1371*/SET SCHEMA PUBLIC
CONNECT USER SA
DISCONNECT
/*C1372*/SET SCHEMA PUBLIC
CONNECT USER SA
DISCONNECT
/*C1373*/SET SCHEMA PUBLIC
CONNECT USER SA
DISCONNECT
/*C1374*/SET SCHEMA PUBLIC
CONNECT USER SA
DISCONNECT
/*C1375*/SET SCHEMA PUBLIC
CONNECT USER SA
DISCONNECT
/*C1376*/SET SCHEMA PUBLIC
CONNECT USER SA
DISCONNECT
/*C1377*/SET SCHEMA PUBLIC
CONNECT USER SA
DISCONNECT
/*C1378*/SET SCHEMA PUBLIC
CONNECT USER SA
DISCONNECT
/*C1379*/SET SCHEMA PUBLIC
CONNECT USER SA
DISCONNECT
/*C1380*/SET SCHEMA PUBLIC
CONNECT USER SA
DISCONNECT
/*C1381*/SET SCHEMA PUBLIC
CONNECT USER SA
DISCONNECT
/*C1382*/SET SCHEMA PUBLIC
CONNECT USER SA
DISCONNECT
/*C1383*/SET SCHEMA PUBLIC
CONNECT USER SA
DISCONNECT
/*C1384*/SET SCHEMA PUBLIC
CONNECT USER SA
DISCONNECT
/*C1385*/SET SCHEMA PUBLIC
CONNECT USER SA
DISCONNECT
/*C1386*/SET SCHEMA PUBLIC
CONNECT USER SA
DISCONNECT
/*C1387*/SET SCHEMA PUBLIC
CONNECT USER SA
DISCONNECT
/*C1388*/SET SCHEMA PUBLIC
CONNECT USER SA
DISCONNECT
/*C1389*/SET SCHEMA PUBLIC
CONNECT USER SA
DISCONNECT
/*C1390*/SET SCHEMA PUBLIC
CONNECT USER SA
SET AUTOCOMMIT FALSE
DELETE FROM CURSOS WHERE ID=19
INSERT INTO CURSOS VALUES(19,0,'Direito',76,FALSE,FALSE,TRUE,'giiiiiiiiiiiiiiiiiiiiibelllllllllllllllllllllllto')
SET AUTOCOMMIT TRUE
DISCONNECT
/*C1391*/SET SCHEMA PUBLIC
CONNECT USER SA
DISCONNECT
/*C1392*/SET SCHEMA PUBLIC
CONNECT USER SA
DISCONNECT
/*C1393*/SET SCHEMA PUBLIC
CONNECT USER SA
DISCONNECT
/*C1394*/SET SCHEMA PUBLIC
CONNECT USER SA
DISCONNECT
/*C1395*/SET SCHEMA PUBLIC
CONNECT USER SA
DISCONNECT
/*C1396*/SET SCHEMA PUBLIC
CONNECT USER SA
DISCONNECT
/*C1397*/SET SCHEMA PUBLIC
CONNECT USER SA
DISCONNECT
/*C1398*/SET SCHEMA PUBLIC
CONNECT USER SA
DISCONNECT
/*C1399*/SET SCHEMA PUBLIC
CONNECT USER SA
DISCONNECT
/*C1400*/SET SCHEMA PUBLIC
CONNECT USER SA
DISCONNECT
/*C1401*/SET SCHEMA PUBLIC
CONNECT USER SA
DISCONNECT
/*C1402*/SET SCHEMA PUBLIC
CONNECT USER SA
DISCONNECT
/*C1403*/SET SCHEMA PUBLIC
CONNECT USER SA
DISCONNECT
/*C1404*/SET SCHEMA PUBLIC
CONNECT USER SA
DISCONNECT
/*C1405*/SET SCHEMA PUBLIC
CONNECT USER SA
DISCONNECT
/*C1406*/SET SCHEMA PUBLIC
CONNECT USER SA
DISCONNECT
/*C1407*/SET SCHEMA PUBLIC
CONNECT USER SA
DISCONNECT
/*C1408*/SET SCHEMA PUBLIC
CONNECT USER SA
SET AUTOCOMMIT FALSE
DELETE FROM CURSOS WHERE ID=18
INSERT INTO CURSOS VALUES(18,14,'Jogos Digitais',76,FALSE,FALSE,TRUE,'sssssstoooooooooooopppppppppp')
SET AUTOCOMMIT TRUE
DISCONNECT
/*C1409*/SET SCHEMA PUBLIC
CONNECT USER SA
DISCONNECT
/*C1410*/SET SCHEMA PUBLIC
CONNECT USER SA
DISCONNECT
/*C1411*/SET SCHEMA PUBLIC
CONNECT USER SA
DISCONNECT
/*C1412*/SET SCHEMA PUBLIC
CONNECT USER SA
DISCONNECT
/*C1413*/SET SCHEMA PUBLIC
CONNECT USER SA
DISCONNECT
/*C1414*/SET SCHEMA PUBLIC
CONNECT USER SA
DISCONNECT
/*C1415*/SET SCHEMA PUBLIC
CONNECT USER SA
DISCONNECT
/*C1416*/SET SCHEMA PUBLIC
CONNECT USER SA
DISCONNECT
/*C1417*/SET SCHEMA PUBLIC
CONNECT USER SA
DISCONNECT
/*C1418*/SET SCHEMA PUBLIC
CONNECT USER SA
DISCONNECT
/*C1419*/SET SCHEMA PUBLIC
CONNECT USER SA
DISCONNECT
/*C1420*/SET SCHEMA PUBLIC
CONNECT USER SA
DISCONNECT
/*C1421*/SET SCHEMA PUBLIC
CONNECT USER SA
DISCONNECT
/*C1422*/SET SCHEMA PUBLIC
CONNECT USER SA
DISCONNECT
/*C1423*/SET SCHEMA PUBLIC
CONNECT USER SA
DISCONNECT
/*C1424*/SET SCHEMA PUBLIC
CONNECT USER SA
DISCONNECT
/*C1425*/SET SCHEMA PUBLIC
CONNECT USER SA
DISCONNECT
/*C1426*/SET SCHEMA PUBLIC
CONNECT USER SA
DISCONNECT
/*C1427*/SET SCHEMA PUBLIC
CONNECT USER SA
INSERT INTO CURSOS VALUES(22,17,'teste tres',54,TRUE,TRUE,TRUE,'teste de criacao')
DISCONNECT
/*C1428*/SET SCHEMA PUBLIC
CONNECT USER SA
DISCONNECT
/*C1429*/SET SCHEMA PUBLIC
CONNECT USER SA
DISCONNECT
/*C1430*/SET SCHEMA PUBLIC
CONNECT USER SA
DISCONNECT
/*C1431*/SET SCHEMA PUBLIC
CONNECT USER SA
DISCONNECT
/*C1432*/SET SCHEMA PUBLIC
CONNECT USER SA
DISCONNECT
/*C1433*/SET SCHEMA PUBLIC
CONNECT USER SA
DISCONNECT
/*C1434*/SET SCHEMA PUBLIC
CONNECT USER SA
DISCONNECT
/*C1435*/SET SCHEMA PUBLIC
CONNECT USER SA
DISCONNECT
/*C1436*/SET SCHEMA PUBLIC
CONNECT USER SA
DISCONNECT
/*C1437*/SET SCHEMA PUBLIC
CONNECT USER SA
DISCONNECT
/*C1438*/SET SCHEMA PUBLIC
CONNECT USER SA
DISCONNECT
/*C1439*/SET SCHEMA PUBLIC
CONNECT USER SA
DISCONNECT
/*C1440*/SET SCHEMA PUBLIC
CONNECT USER SA
DISCONNECT
/*C1441*/SET SCHEMA PUBLIC
CONNECT USER SA
DISCONNECT
/*C1442*/SET SCHEMA PUBLIC
CONNECT USER SA
DISCONNECT
/*C1443*/SET SCHEMA PUBLIC
CONNECT USER SA
DISCONNECT
/*C1444*/SET SCHEMA PUBLIC
CONNECT USER SA
DISCONNECT
/*C1445*/SET SCHEMA PUBLIC
CONNECT USER SA
DISCONNECT
/*C1446*/SET SCHEMA PUBLIC
CONNECT USER SA
DISCONNECT
/*C1447*/SET SCHEMA PUBLIC
CONNECT USER SA
DISCONNECT
/*C1448*/SET SCHEMA PUBLIC
CONNECT USER SA
DISCONNECT
/*C1449*/SET SCHEMA PUBLIC
CONNECT USER SA
DISCONNECT
/*C1450*/SET SCHEMA PUBLIC
CONNECT USER SA
DISCONNECT
/*C1451*/SET SCHEMA PUBLIC
CONNECT USER SA
DISCONNECT
/*C1452*/SET SCHEMA PUBLIC
CONNECT USER SA
DISCONNECT
/*C1453*/SET SCHEMA PUBLIC
CONNECT USER SA
DISCONNECT
/*C1454*/SET SCHEMA PUBLIC
CONNECT USER SA
DISCONNECT
/*C1455*/SET SCHEMA PUBLIC
CONNECT USER SA
DISCONNECT
/*C1456*/SET SCHEMA PUBLIC
CONNECT USER SA
DISCONNECT
/*C1457*/SET SCHEMA PUBLIC
CONNECT USER SA
DISCONNECT
/*C1458*/SET SCHEMA PUBLIC
CONNECT USER SA
DISCONNECT
/*C1459*/SET SCHEMA PUBLIC
CONNECT USER SA
DISCONNECT
/*C1460*/SET SCHEMA PUBLIC
CONNECT USER SA
DISCONNECT
/*C1461*/SET SCHEMA PUBLIC
CONNECT USER SA
DISCONNECT
/*C1462*/SET SCHEMA PUBLIC
CONNECT USER SA
DISCONNECT
/*C1463*/SET SCHEMA PUBLIC
CONNECT USER SA
DISCONNECT
/*C1464*/SET SCHEMA PUBLIC
CONNECT USER SA
DISCONNECT
/*C1465*/SET SCHEMA PUBLIC
CONNECT USER SA
DISCONNECT
/*C1466*/SET SCHEMA PUBLIC
CONNECT USER SA
DISCONNECT
/*C1467*/SET SCHEMA PUBLIC
CONNECT USER SA
DISCONNECT
/*C1468*/SET SCHEMA PUBLIC
CONNECT USER SA
DISCONNECT
/*C1469*/SET SCHEMA PUBLIC
CONNECT USER SA
DISCONNECT
/*C1470*/SET SCHEMA PUBLIC
CONNECT USER SA
DISCONNECT
/*C1471*/SET SCHEMA PUBLIC
CONNECT USER SA
DISCONNECT
/*C1472*/SET SCHEMA PUBLIC
CONNECT USER SA
DISCONNECT
/*C1473*/SET SCHEMA PUBLIC
CONNECT USER SA
DISCONNECT
/*C1474*/SET SCHEMA PUBLIC
CONNECT USER SA
DISCONNECT
/*C1475*/SET SCHEMA PUBLIC
CONNECT USER SA
DISCONNECT
/*C1476*/SET SCHEMA PUBLIC
CONNECT USER SA
DISCONNECT
/*C1477*/SET SCHEMA PUBLIC
CONNECT USER SA
DISCONNECT
/*C1478*/SET SCHEMA PUBLIC
CONNECT USER SA
DISCONNECT
/*C1479*/SET SCHEMA PUBLIC
CONNECT USER SA
DISCONNECT
/*C1480*/SET SCHEMA PUBLIC
CONNECT USER SA
DISCONNECT
/*C1481*/SET SCHEMA PUBLIC
CONNECT USER SA
DISCONNECT
/*C1482*/SET SCHEMA PUBLIC
CONNECT USER SA
DISCONNECT
/*C1483*/SET SCHEMA PUBLIC
CONNECT USER SA
DISCONNECT
/*C1484*/SET SCHEMA PUBLIC
CONNECT USER SA
DISCONNECT
/*C1485*/SET SCHEMA PUBLIC
CONNECT USER SA
DISCONNECT
/*C1486*/SET SCHEMA PUBLIC
CONNECT USER SA
DISCONNECT
/*C1487*/SET SCHEMA PUBLIC
CONNECT USER SA
DISCONNECT
/*C1488*/SET SCHEMA PUBLIC
CONNECT USER SA
DISCONNECT
/*C1489*/SET SCHEMA PUBLIC
CONNECT USER SA
DISCONNECT
/*C1490*/SET SCHEMA PUBLIC
CONNECT USER SA
DISCONNECT
/*C1491*/SET SCHEMA PUBLIC
CONNECT USER SA
DISCONNECT
/*C1492*/SET SCHEMA PUBLIC
CONNECT USER SA
DISCONNECT
/*C1493*/SET SCHEMA PUBLIC
CONNECT USER SA
DISCONNECT
/*C1494*/SET SCHEMA PUBLIC
CONNECT USER SA
DISCONNECT
/*C1495*/SET SCHEMA PUBLIC
CONNECT USER SA
DISCONNECT
/*C1496*/SET SCHEMA PUBLIC
CONNECT USER SA
DISCONNECT
/*C1497*/SET SCHEMA PUBLIC
CONNECT USER SA
DISCONNECT
/*C1498*/SET SCHEMA PUBLIC
CONNECT USER SA
DISCONNECT
/*C1499*/SET SCHEMA PUBLIC
CONNECT USER SA
DISCONNECT
/*C1500*/SET SCHEMA PUBLIC
CONNECT USER SA
DISCONNECT
/*C1501*/SET SCHEMA PUBLIC
CONNECT USER SA
DELETE FROM CURSOS WHERE ID=22
DISCONNECT
/*C1502*/SET SCHEMA PUBLIC
CONNECT USER SA
DISCONNECT
/*C1503*/SET SCHEMA PUBLIC
CONNECT USER SA
DISCONNECT
/*C1504*/SET SCHEMA PUBLIC
CONNECT USER SA
DISCONNECT
/*C1505*/SET SCHEMA PUBLIC
CONNECT USER SA
DISCONNECT
/*C1506*/SET SCHEMA PUBLIC
CONNECT USER SA
DISCONNECT
/*C1507*/SET SCHEMA PUBLIC
CONNECT USER SA
DISCONNECT
/*C1508*/SET SCHEMA PUBLIC
CONNECT USER SA
DISCONNECT
/*C1509*/SET SCHEMA PUBLIC
CONNECT USER SA
SET AUTOCOMMIT FALSE
DELETE FROM CURSOS WHERE ID=21
INSERT INTO CURSOS VALUES(21,0,'TEste dois',34,TRUE,TRUE,TRUE,'teste')
SET AUTOCOMMIT TRUE
DISCONNECT
/*C1510*/SET SCHEMA PUBLIC
CONNECT USER SA
DISCONNECT
/*C1511*/SET SCHEMA PUBLIC
CONNECT USER SA
DISCONNECT
/*C1512*/SET SCHEMA PUBLIC
CONNECT USER SA
DISCONNECT
/*C1513*/SET SCHEMA PUBLIC
CONNECT USER SA
DISCONNECT
/*C1514*/SET SCHEMA PUBLIC
CONNECT USER SA
DISCONNECT
/*C1515*/SET SCHEMA PUBLIC
CONNECT USER SA
DISCONNECT
/*C1516*/SET SCHEMA PUBLIC
CONNECT USER SA
DISCONNECT
/*C1517*/SET SCHEMA PUBLIC
CONNECT USER SA
DISCONNECT
/*C1518*/SET SCHEMA PUBLIC
CONNECT USER SA
DISCONNECT
/*C1519*/SET SCHEMA PUBLIC
CONNECT USER SA
DISCONNECT
/*C1520*/SET SCHEMA PUBLIC
CONNECT USER SA
DISCONNECT
/*C1521*/SET SCHEMA PUBLIC
CONNECT USER SA
DISCONNECT
/*C1522*/SET SCHEMA PUBLIC
CONNECT USER SA
DISCONNECT
/*C1523*/SET SCHEMA PUBLIC
CONNECT USER SA
DISCONNECT
/*C1524*/SET SCHEMA PUBLIC
CONNECT USER SA
DISCONNECT
/*C1525*/SET SCHEMA PUBLIC
CONNECT USER SA
DISCONNECT
/*C1526*/SET SCHEMA PUBLIC
CONNECT USER SA
DISCONNECT
/*C1527*/SET SCHEMA PUBLIC
CONNECT USER SA
DISCONNECT
/*C1528*/SET SCHEMA PUBLIC
CONNECT USER SA
DISCONNECT
/*C1529*/SET SCHEMA PUBLIC
CONNECT USER SA
DISCONNECT
/*C1530*/SET SCHEMA PUBLIC
CONNECT USER SA
DISCONNECT
/*C1531*/SET SCHEMA PUBLIC
CONNECT USER SA
DISCONNECT
/*C1532*/SET SCHEMA PUBLIC
CONNECT USER SA
DISCONNECT
/*C1533*/SET SCHEMA PUBLIC
CONNECT USER SA
DISCONNECT
/*C1534*/SET SCHEMA PUBLIC
CONNECT USER SA
DISCONNECT
/*C1535*/SET SCHEMA PUBLIC
CONNECT USER SA
DISCONNECT
/*C1536*/SET SCHEMA PUBLIC
CONNECT USER SA
DISCONNECT
/*C1537*/SET SCHEMA PUBLIC
CONNECT USER SA
DISCONNECT
/*C1538*/SET SCHEMA PUBLIC
CONNECT USER SA
DISCONNECT
/*C1539*/SET SCHEMA PUBLIC
CONNECT USER SA
DELETE FROM CURSOS WHERE ID=21
DISCONNECT
/*C1540*/SET SCHEMA PUBLIC
CONNECT USER SA
DISCONNECT
/*C1541*/SET SCHEMA PUBLIC
CONNECT USER SA
DISCONNECT
/*C1542*/SET SCHEMA PUBLIC
CONNECT USER SA
DISCONNECT
/*C1543*/SET SCHEMA PUBLIC
CONNECT USER SA
DISCONNECT
/*C1544*/SET SCHEMA PUBLIC
CONNECT USER SA
DISCONNECT
/*C1545*/SET SCHEMA PUBLIC
CONNECT USER SA
DELETE FROM CURSOS WHERE ID=20
DISCONNECT
/*C1546*/SET SCHEMA PUBLIC
CONNECT USER SA
DISCONNECT
/*C1547*/SET SCHEMA PUBLIC
CONNECT USER SA
DISCONNECT
/*C1548*/SET SCHEMA PUBLIC
CONNECT USER SA
DISCONNECT
/*C1549*/SET SCHEMA PUBLIC
CONNECT USER SA
DISCONNECT
/*C1550*/SET SCHEMA PUBLIC
CONNECT USER SA
DISCONNECT
/*C1551*/SET SCHEMA PUBLIC
CONNECT USER SA
DELETE FROM CURSOS WHERE ID=19
DISCONNECT
/*C1552*/SET SCHEMA PUBLIC
CONNECT USER SA
DISCONNECT
/*C1553*/SET SCHEMA PUBLIC
CONNECT USER SA
DISCONNECT
/*C1554*/SET SCHEMA PUBLIC
CONNECT USER SA
DISCONNECT
/*C1555*/SET SCHEMA PUBLIC
CONNECT USER SA
DISCONNECT
/*C1556*/SET SCHEMA PUBLIC
CONNECT USER SA
DISCONNECT
/*C1557*/SET SCHEMA PUBLIC
CONNECT USER SA
DISCONNECT
/*C1558*/SET SCHEMA PUBLIC
CONNECT USER SA
DISCONNECT
/*C1559*/SET SCHEMA PUBLIC
CONNECT USER SA
DISCONNECT
/*C1560*/SET SCHEMA PUBLIC
CONNECT USER SA
DISCONNECT
/*C1561*/SET SCHEMA PUBLIC
CONNECT USER SA
DISCONNECT
/*C1562*/SET SCHEMA PUBLIC
CONNECT USER SA
DISCONNECT
/*C1563*/SET SCHEMA PUBLIC
CONNECT USER SA
DISCONNECT
/*C1564*/SET SCHEMA PUBLIC
CONNECT USER SA
DISCONNECT
/*C1565*/SET SCHEMA PUBLIC
CONNECT USER SA
DISCONNECT
/*C1566*/SET SCHEMA PUBLIC
CONNECT USER SA
DISCONNECT
/*C1567*/SET SCHEMA PUBLIC
CONNECT USER SA
DISCONNECT
/*C1568*/SET SCHEMA PUBLIC
CONNECT USER SA
DISCONNECT
/*C1569*/SET SCHEMA PUBLIC
CONNECT USER SA
DISCONNECT
/*C1570*/SET SCHEMA PUBLIC
CONNECT USER SA
DISCONNECT
/*C1571*/SET SCHEMA PUBLIC
CONNECT USER SA
DISCONNECT
/*C1572*/SET SCHEMA PUBLIC
CONNECT USER SA
DISCONNECT
/*C1573*/SET SCHEMA PUBLIC
CONNECT USER SA
DISCONNECT
/*C1574*/SET SCHEMA PUBLIC
CONNECT USER SA
DISCONNECT
/*C1575*/SET SCHEMA PUBLIC
CONNECT USER SA
DISCONNECT
/*C1576*/SET SCHEMA PUBLIC
CONNECT USER SA
DISCONNECT
/*C1577*/SET SCHEMA PUBLIC
CONNECT USER SA
DISCONNECT
/*C1578*/SET SCHEMA PUBLIC
CONNECT USER SA
DISCONNECT
/*C1579*/SET SCHEMA PUBLIC
CONNECT USER SA
DISCONNECT
/*C1580*/SET SCHEMA PUBLIC
CONNECT USER SA
DISCONNECT
/*C1581*/SET SCHEMA PUBLIC
CONNECT USER SA
DISCONNECT
/*C1582*/SET SCHEMA PUBLIC
CONNECT USER SA
DISCONNECT
/*C1583*/SET SCHEMA PUBLIC
CONNECT USER SA
DISCONNECT
/*C1584*/SET SCHEMA PUBLIC
CONNECT USER SA
DISCONNECT
/*C1585*/SET SCHEMA PUBLIC
CONNECT USER SA
DISCONNECT
/*C1586*/SET SCHEMA PUBLIC
CONNECT USER SA
DISCONNECT
/*C1587*/SET SCHEMA PUBLIC
CONNECT USER SA
DISCONNECT
/*C1588*/SET SCHEMA PUBLIC
CONNECT USER SA
DISCONNECT
/*C1589*/SET SCHEMA PUBLIC
CONNECT USER SA
DISCONNECT
/*C1590*/SET SCHEMA PUBLIC
CONNECT USER SA
DISCONNECT
/*C1591*/SET SCHEMA PUBLIC
CONNECT USER SA
DISCONNECT
/*C1592*/SET SCHEMA PUBLIC
CONNECT USER SA
DISCONNECT
/*C1593*/SET SCHEMA PUBLIC
CONNECT USER SA
DISCONNECT
/*C1594*/SET SCHEMA PUBLIC
CONNECT USER SA
DISCONNECT
/*C1595*/SET SCHEMA PUBLIC
CONNECT USER SA
DISCONNECT
/*C1596*/SET SCHEMA PUBLIC
CONNECT USER SA
DISCONNECT
/*C1597*/SET SCHEMA PUBLIC
CONNECT USER SA
DISCONNECT
/*C1598*/SET SCHEMA PUBLIC
CONNECT USER SA
DISCONNECT
/*C1599*/SET SCHEMA PUBLIC
CONNECT USER SA
DISCONNECT
/*C1600*/SET SCHEMA PUBLIC
CONNECT USER SA
DISCONNECT
/*C1601*/SET SCHEMA PUBLIC
CONNECT USER SA
DISCONNECT
/*C1602*/SET SCHEMA PUBLIC
CONNECT USER SA
DISCONNECT
/*C1603*/SET SCHEMA PUBLIC
CONNECT USER SA
DISCONNECT
/*C1604*/SET SCHEMA PUBLIC
CONNECT USER SA
DISCONNECT
/*C1605*/SET SCHEMA PUBLIC
CONNECT USER SA
DISCONNECT
/*C1606*/SET SCHEMA PUBLIC
CONNECT USER SA
DISCONNECT
/*C1607*/SET SCHEMA PUBLIC
CONNECT USER SA
DISCONNECT
/*C1608*/SET SCHEMA PUBLIC
CONNECT USER SA
DISCONNECT
/*C1609*/SET SCHEMA PUBLIC
CONNECT USER SA
DISCONNECT
/*C1610*/SET SCHEMA PUBLIC
CONNECT USER SA
DISCONNECT
/*C1611*/SET SCHEMA PUBLIC
CONNECT USER SA
DISCONNECT
/*C1612*/SET SCHEMA PUBLIC
CONNECT USER SA
DISCONNECT
/*C1613*/SET SCHEMA PUBLIC
CONNECT USER SA
DISCONNECT
/*C1614*/SET SCHEMA PUBLIC
CONNECT USER SA
DISCONNECT
/*C1615*/SET SCHEMA PUBLIC
CONNECT USER SA
DISCONNECT
/*C1616*/SET SCHEMA PUBLIC
CONNECT USER SA
DISCONNECT
/*C1617*/SET SCHEMA PUBLIC
CONNECT USER SA
DISCONNECT
/*C1618*/SET SCHEMA PUBLIC
CONNECT USER SA
DISCONNECT
/*C1619*/SET SCHEMA PUBLIC
CONNECT USER SA
DISCONNECT
/*C1620*/SET SCHEMA PUBLIC
CONNECT USER SA
DISCONNECT
/*C1621*/SET SCHEMA PUBLIC
CONNECT USER SA
DISCONNECT
/*C1622*/SET SCHEMA PUBLIC
CONNECT USER SA
DISCONNECT
/*C1623*/SET SCHEMA PUBLIC
CONNECT USER SA
DISCONNECT
/*C1624*/SET SCHEMA PUBLIC
CONNECT USER SA
DISCONNECT
/*C1625*/SET SCHEMA PUBLIC
CONNECT USER SA
DISCONNECT
/*C1626*/SET SCHEMA PUBLIC
CONNECT USER SA
DISCONNECT
/*C1627*/SET SCHEMA PUBLIC
CONNECT USER SA
DISCONNECT
/*C1628*/SET SCHEMA PUBLIC
CONNECT USER SA
DISCONNECT
/*C1629*/SET SCHEMA PUBLIC
CONNECT USER SA
DISCONNECT
/*C1630*/SET SCHEMA PUBLIC
CONNECT USER SA
DISCONNECT
/*C1631*/SET SCHEMA PUBLIC
CONNECT USER SA
DISCONNECT
/*C1632*/SET SCHEMA PUBLIC
CONNECT USER SA
DISCONNECT
/*C1633*/SET SCHEMA PUBLIC
CONNECT USER SA
DISCONNECT
/*C1634*/SET SCHEMA PUBLIC
CONNECT USER SA
DISCONNECT
/*C1635*/SET SCHEMA PUBLIC
CONNECT USER SA
DISCONNECT
/*C1636*/SET SCHEMA PUBLIC
CONNECT USER SA
INSERT INTO CURSOS VALUES(23,17,'Direito',70,TRUE,TRUE,TRUE,'Descri\u00e7\u00e3o n\u00e3o informada')
DISCONNECT
/*C1637*/SET SCHEMA PUBLIC
CONNECT USER SA
DISCONNECT
/*C1638*/SET SCHEMA PUBLIC
CONNECT USER SA
DISCONNECT
/*C1639*/SET SCHEMA PUBLIC
CONNECT USER SA
DISCONNECT
/*C1640*/SET SCHEMA PUBLIC
CONNECT USER SA
DISCONNECT
/*C1641*/SET SCHEMA PUBLIC
CONNECT USER SA
DISCONNECT
/*C1642*/SET SCHEMA PUBLIC
CONNECT USER SA
DISCONNECT
/*C1643*/SET SCHEMA PUBLIC
CONNECT USER SA
DISCONNECT
/*C1644*/SET SCHEMA PUBLIC
CONNECT USER SA
SET AUTOCOMMIT FALSE
DELETE FROM CURSOS WHERE ID=23
INSERT INTO CURSOS VALUES(23,17,'Direito',72,TRUE,TRUE,TRUE,'Descri\u00e7\u00e3o n\u00e3o informada')
SET AUTOCOMMIT TRUE
DISCONNECT
/*C1645*/SET SCHEMA PUBLIC
CONNECT USER SA
DISCONNECT
/*C1646*/SET SCHEMA PUBLIC
CONNECT USER SA
DISCONNECT
/*C1647*/SET SCHEMA PUBLIC
CONNECT USER SA
DISCONNECT
/*C1648*/SET SCHEMA PUBLIC
CONNECT USER SA
DISCONNECT
/*C1649*/SET SCHEMA PUBLIC
CONNECT USER SA
DISCONNECT
/*C1650*/SET SCHEMA PUBLIC
CONNECT USER SA
DISCONNECT
/*C1651*/SET SCHEMA PUBLIC
CONNECT USER SA
DISCONNECT
/*C1652*/SET SCHEMA PUBLIC
CONNECT USER SA
DISCONNECT
/*C1653*/SET SCHEMA PUBLIC
CONNECT USER SA
DISCONNECT
/*C1654*/SET SCHEMA PUBLIC
CONNECT USER SA
DISCONNECT
/*C1655*/SET SCHEMA PUBLIC
CONNECT USER SA
SET AUTOCOMMIT FALSE
DELETE FROM CURSOS WHERE ID=23
INSERT INTO CURSOS VALUES(23,17,'Direito',71,TRUE,TRUE,TRUE,'Descri\u00e7\u00e3o n\u00e3o informada')
SET AUTOCOMMIT TRUE
DISCONNECT
/*C1656*/SET SCHEMA PUBLIC
CONNECT USER SA
DISCONNECT
/*C1657*/SET SCHEMA PUBLIC
CONNECT USER SA
DISCONNECT
/*C1658*/SET SCHEMA PUBLIC
CONNECT USER SA
DISCONNECT
/*C1659*/SET SCHEMA PUBLIC
CONNECT USER SA
DISCONNECT
/*C1660*/SET SCHEMA PUBLIC
CONNECT USER SA
DISCONNECT
/*C1661*/SET SCHEMA PUBLIC
CONNECT USER SA
DISCONNECT
/*C1662*/SET SCHEMA PUBLIC
CONNECT USER SA
DISCONNECT
/*C1663*/SET SCHEMA PUBLIC
CONNECT USER SA
DISCONNECT
/*C1664*/SET SCHEMA PUBLIC
CONNECT USER SA
DISCONNECT
/*C1665*/SET SCHEMA PUBLIC
CONNECT USER SA
DISCONNECT
/*C1666*/SET SCHEMA PUBLIC
CONNECT USER SA
INSERT INTO CURSOS VALUES(24,0,'Tecnico em informatica',71,TRUE,TRUE,TRUE,'Descri\u00e7\u00e3o n\u00e3o informada')
DISCONNECT
/*C1667*/SET SCHEMA PUBLIC
CONNECT USER SA
DISCONNECT
/*C1668*/SET SCHEMA PUBLIC
CONNECT USER SA
DISCONNECT
/*C1669*/SET SCHEMA PUBLIC
CONNECT USER SA
DISCONNECT
/*C1670*/SET SCHEMA PUBLIC
CONNECT USER SA
DISCONNECT
/*C1671*/SET SCHEMA PUBLIC
CONNECT USER SA
DISCONNECT
/*C1672*/SET SCHEMA PUBLIC
CONNECT USER SA
DISCONNECT
/*C1673*/SET SCHEMA PUBLIC
CONNECT USER SA
DISCONNECT
/*C1674*/SET SCHEMA PUBLIC
CONNECT USER SA
DISCONNECT
/*C1675*/SET SCHEMA PUBLIC
CONNECT USER SA
DISCONNECT
/*C1676*/SET SCHEMA PUBLIC
CONNECT USER SA
DELETE FROM CURSOS WHERE ID=24
DISCONNECT
/*C1677*/SET SCHEMA PUBLIC
CONNECT USER SA
DISCONNECT
/*C1678*/SET SCHEMA PUBLIC
CONNECT USER SA
DISCONNECT
/*C1679*/SET SCHEMA PUBLIC
CONNECT USER SA
DISCONNECT
/*C1680*/SET SCHEMA PUBLIC
CONNECT USER SA
DISCONNECT
/*C1681*/SET SCHEMA PUBLIC
CONNECT USER SA
DISCONNECT
/*C1682*/SET SCHEMA PUBLIC
CONNECT USER SA
DISCONNECT
/*C1683*/SET SCHEMA PUBLIC
CONNECT USER SA
DISCONNECT
/*C1684*/SET SCHEMA PUBLIC
CONNECT USER SA
DISCONNECT
/*C1685*/SET SCHEMA PUBLIC
CONNECT USER SA
DISCONNECT
/*C1686*/SET SCHEMA PUBLIC
CONNECT USER SA
DISCONNECT
/*C1687*/SET SCHEMA PUBLIC
CONNECT USER SA
DISCONNECT
/*C1688*/SET SCHEMA PUBLIC
CONNECT USER SA
DISCONNECT
/*C1689*/SET SCHEMA PUBLIC
CONNECT USER SA
DISCONNECT
/*C1690*/SET SCHEMA PUBLIC
CONNECT USER SA
DISCONNECT
/*C1691*/SET SCHEMA PUBLIC
CONNECT USER SA
DISCONNECT
/*C1692*/SET SCHEMA PUBLIC
CONNECT USER SA
DISCONNECT
/*C1693*/SET SCHEMA PUBLIC
CONNECT USER SA
DISCONNECT
/*C1694*/SET SCHEMA PUBLIC
CONNECT USER SA
DISCONNECT
/*C1695*/SET SCHEMA PUBLIC
CONNECT USER SA
DISCONNECT
/*C1696*/SET SCHEMA PUBLIC
CONNECT USER SA
INSERT INTO CURSOS VALUES(25,0,'Tecnico em programa\u00e7\u00e3o',71,TRUE,TRUE,TRUE,'Descri\u00e7\u00e3o n\u00e3o informada')
DISCONNECT
/*C1697*/SET SCHEMA PUBLIC
CONNECT USER SA
DISCONNECT
/*C1698*/SET SCHEMA PUBLIC
CONNECT USER SA
DISCONNECT
/*C1699*/SET SCHEMA PUBLIC
CONNECT USER SA
DISCONNECT
/*C1700*/SET SCHEMA PUBLIC
CONNECT USER SA
DISCONNECT
/*C1701*/SET SCHEMA PUBLIC
CONNECT USER SA
DISCONNECT
/*C1702*/SET SCHEMA PUBLIC
CONNECT USER SA
DISCONNECT
/*C1703*/SET SCHEMA PUBLIC
CONNECT USER SA
DISCONNECT
/*C1704*/SET SCHEMA PUBLIC
CONNECT USER SA
DISCONNECT
/*C1705*/SET SCHEMA PUBLIC
CONNECT USER SA
DISCONNECT
/*C1706*/SET SCHEMA PUBLIC
CONNECT USER SA
DISCONNECT
/*C1707*/SET SCHEMA PUBLIC
CONNECT USER SA
DISCONNECT
/*C1708*/SET SCHEMA PUBLIC
CONNECT USER SA
SET AUTOCOMMIT FALSE
DELETE FROM CURSOS WHERE ID=25
INSERT INTO CURSOS VALUES(25,17,'Tecnico em programa\u00e7\u00e3o',71,TRUE,TRUE,TRUE,'Descri\u00e7\u00e3o n\u00e3o informada')
SET AUTOCOMMIT TRUE
DISCONNECT
/*C1709*/SET SCHEMA PUBLIC
CONNECT USER SA
DISCONNECT
/*C1710*/SET SCHEMA PUBLIC
CONNECT USER SA
DISCONNECT
/*C1711*/SET SCHEMA PUBLIC
CONNECT USER SA
DISCONNECT
/*C1712*/SET SCHEMA PUBLIC
CONNECT USER SA
DISCONNECT
/*C1713*/SET SCHEMA PUBLIC
CONNECT USER SA
DISCONNECT
/*C1714*/SET SCHEMA PUBLIC
CONNECT USER SA
DELETE FROM CURSOS WHERE ID=25
DISCONNECT
/*C1715*/SET SCHEMA PUBLIC
CONNECT USER SA
DISCONNECT
/*C1716*/SET SCHEMA PUBLIC
CONNECT USER SA
DISCONNECT
/*C1717*/SET SCHEMA PUBLIC
CONNECT USER SA
DISCONNECT
/*C1718*/SET SCHEMA PUBLIC
CONNECT USER SA
DISCONNECT
/*C1719*/SET SCHEMA PUBLIC
CONNECT USER SA
DISCONNECT
/*C1720*/SET SCHEMA PUBLIC
CONNECT USER SA
DISCONNECT
/*C1721*/SET SCHEMA PUBLIC
CONNECT USER SA
INSERT INTO CURSOS VALUES(26,17,'Faculdade',12,TRUE,TRUE,TRUE,'Descri\u00e7\u00e3o n\u00e3o informada')
DISCONNECT
/*C1722*/SET SCHEMA PUBLIC
CONNECT USER SA
DISCONNECT
/*C1723*/SET SCHEMA PUBLIC
CONNECT USER SA
DISCONNECT
/*C1724*/SET SCHEMA PUBLIC
CONNECT USER SA
DISCONNECT
/*C1725*/SET SCHEMA PUBLIC
CONNECT USER SA
DISCONNECT
/*C1726*/SET SCHEMA PUBLIC
CONNECT USER SA
DISCONNECT
/*C1727*/SET SCHEMA PUBLIC
CONNECT USER SA
DISCONNECT
/*C1728*/SET SCHEMA PUBLIC
CONNECT USER SA
DISCONNECT
/*C1729*/SET SCHEMA PUBLIC
CONNECT USER SA
DISCONNECT
/*C1730*/SET SCHEMA PUBLIC
CONNECT USER SA
DISCONNECT
/*C1731*/SET SCHEMA PUBLIC
CONNECT USER SA
DISCONNECT
/*C1732*/SET SCHEMA PUBLIC
CONNECT USER SA
DELETE FROM CURSOS WHERE ID=26
DISCONNECT
/*C1733*/SET SCHEMA PUBLIC
CONNECT USER SA
DISCONNECT
/*C1734*/SET SCHEMA PUBLIC
CONNECT USER SA
DISCONNECT
/*C1735*/SET SCHEMA PUBLIC
CONNECT USER SA
DISCONNECT
/*C1736*/SET SCHEMA PUBLIC
CONNECT USER SA
DISCONNECT
/*C1737*/SET SCHEMA PUBLIC
CONNECT USER SA
DISCONNECT
/*C1738*/SET SCHEMA PUBLIC
CONNECT USER SA
DISCONNECT
/*C1739*/SET SCHEMA PUBLIC
CONNECT USER SA
DISCONNECT
/*C1740*/SET SCHEMA PUBLIC
CONNECT USER SA
DISCONNECT
/*C1741*/SET SCHEMA PUBLIC
CONNECT USER SA
DISCONNECT
/*C1742*/SET SCHEMA PUBLIC
CONNECT USER SA
DISCONNECT
/*C1743*/SET SCHEMA PUBLIC
CONNECT USER SA
DISCONNECT
/*C1744*/SET SCHEMA PUBLIC
CONNECT USER SA
DISCONNECT
/*C1745*/SET SCHEMA PUBLIC
CONNECT USER SA
DISCONNECT
/*C1746*/SET SCHEMA PUBLIC
CONNECT USER SA
DISCONNECT
/*C1747*/SET SCHEMA PUBLIC
CONNECT USER SA
DISCONNECT
/*C1748*/SET SCHEMA PUBLIC
CONNECT USER SA
DISCONNECT
/*C1749*/SET SCHEMA PUBLIC
CONNECT USER SA
DISCONNECT
/*C1750*/SET SCHEMA PUBLIC
CONNECT USER SA
DISCONNECT
/*C1751*/SET SCHEMA PUBLIC
CONNECT USER SA
DISCONNECT
/*C1752*/SET SCHEMA PUBLIC
CONNECT USER SA
DISCONNECT
/*C1753*/SET SCHEMA PUBLIC
CONNECT USER SA
DISCONNECT
/*C1754*/SET SCHEMA PUBLIC
CONNECT USER SA
DISCONNECT
/*C1755*/SET SCHEMA PUBLIC
CONNECT USER SA
DISCONNECT
/*C1756*/SET SCHEMA PUBLIC
CONNECT USER SA
DISCONNECT
/*C1757*/SET SCHEMA PUBLIC
CONNECT USER SA
DISCONNECT
/*C1758*/SET SCHEMA PUBLIC
CONNECT USER SA
DISCONNECT
/*C1759*/SET SCHEMA PUBLIC
CONNECT USER SA
DISCONNECT
/*C1760*/SET SCHEMA PUBLIC
CONNECT USER SA
DISCONNECT
/*C1761*/SET SCHEMA PUBLIC
CONNECT USER SA
DISCONNECT
/*C1762*/SET SCHEMA PUBLIC
CONNECT USER SA
DISCONNECT
/*C1763*/SET SCHEMA PUBLIC
CONNECT USER SA
DISCONNECT
/*C1764*/SET SCHEMA PUBLIC
CONNECT USER SA
DISCONNECT
/*C1765*/SET SCHEMA PUBLIC
CONNECT USER SA
DISCONNECT
/*C1766*/SET SCHEMA PUBLIC
CONNECT USER SA
DISCONNECT
/*C1767*/SET SCHEMA PUBLIC
CONNECT USER SA
DISCONNECT
/*C1768*/SET SCHEMA PUBLIC
CONNECT USER SA
DISCONNECT
/*C1769*/SET SCHEMA PUBLIC
CONNECT USER SA
INSERT INTO NOTAS VALUES(5,28,13,22,10,10.0E0)
DISCONNECT
/*C1770*/SET SCHEMA PUBLIC
CONNECT USER SA
DISCONNECT
/*C1771*/SET SCHEMA PUBLIC
CONNECT USER SA
DISCONNECT
/*C1772*/SET SCHEMA PUBLIC
CONNECT USER SA
DISCONNECT
/*C1773*/SET SCHEMA PUBLIC
CONNECT USER SA
DISCONNECT
/*C1774*/SET SCHEMA PUBLIC
CONNECT USER SA
DISCONNECT
/*C1775*/SET SCHEMA PUBLIC
CONNECT USER SA
DISCONNECT
/*C1776*/SET SCHEMA PUBLIC
CONNECT USER SA
DISCONNECT
/*C1777*/SET SCHEMA PUBLIC
CONNECT USER SA
DISCONNECT
/*C1778*/SET SCHEMA PUBLIC
CONNECT USER SA
DISCONNECT
/*C1779*/SET SCHEMA PUBLIC
CONNECT USER SA
DISCONNECT
/*C1780*/SET SCHEMA PUBLIC
CONNECT USER SA
DISCONNECT
/*C1781*/SET SCHEMA PUBLIC
CONNECT USER SA
DISCONNECT
/*C1782*/SET SCHEMA PUBLIC
CONNECT USER SA
DISCONNECT
/*C1783*/SET SCHEMA PUBLIC
CONNECT USER SA
DISCONNECT
/*C1784*/SET SCHEMA PUBLIC
CONNECT USER SA
DISCONNECT
/*C1785*/SET SCHEMA PUBLIC
CONNECT USER SA
DISCONNECT
/*C1786*/SET SCHEMA PUBLIC
CONNECT USER SA
DISCONNECT
/*C1787*/SET SCHEMA PUBLIC
CONNECT USER SA
DISCONNECT
/*C1788*/SET SCHEMA PUBLIC
CONNECT USER SA
DISCONNECT
/*C1789*/SET SCHEMA PUBLIC
CONNECT USER SA
DISCONNECT
/*C1790*/SET SCHEMA PUBLIC
CONNECT USER SA
DISCONNECT
/*C1791*/SET SCHEMA PUBLIC
CONNECT USER SA
DISCONNECT
/*C1792*/SET SCHEMA PUBLIC
CONNECT USER SA
DISCONNECT
/*C1793*/SET SCHEMA PUBLIC
CONNECT USER SA
DELETE FROM NOTAS WHERE ID=5
DISCONNECT
/*C1794*/SET SCHEMA PUBLIC
CONNECT USER SA
DISCONNECT
/*C1795*/SET SCHEMA PUBLIC
CONNECT USER SA
DISCONNECT
/*C1796*/SET SCHEMA PUBLIC
CONNECT USER SA
DISCONNECT
/*C1797*/SET SCHEMA PUBLIC
CONNECT USER SA
DISCONNECT
/*C1798*/SET SCHEMA PUBLIC
CONNECT USER SA
DISCONNECT
/*C1799*/SET SCHEMA PUBLIC
CONNECT USER SA
DISCONNECT
/*C1800*/SET SCHEMA PUBLIC
CONNECT USER SA
DISCONNECT
/*C1801*/SET SCHEMA PUBLIC
CONNECT USER SA
DISCONNECT
/*C1802*/SET SCHEMA PUBLIC
CONNECT USER SA
DISCONNECT
/*C1803*/SET SCHEMA PUBLIC
CONNECT USER SA
DISCONNECT
/*C1804*/SET SCHEMA PUBLIC
CONNECT USER SA
DISCONNECT
/*C1805*/SET SCHEMA PUBLIC
CONNECT USER SA
DISCONNECT
/*C1806*/SET SCHEMA PUBLIC
CONNECT USER SA
DISCONNECT
/*C1807*/SET SCHEMA PUBLIC
CONNECT USER SA
DISCONNECT
/*C1808*/SET SCHEMA PUBLIC
CONNECT USER SA
DISCONNECT
/*C1809*/SET SCHEMA PUBLIC
CONNECT USER SA
DISCONNECT
/*C1810*/SET SCHEMA PUBLIC
CONNECT USER SA
DISCONNECT
/*C1811*/SET SCHEMA PUBLIC
CONNECT USER SA
DISCONNECT
/*C1812*/SET SCHEMA PUBLIC
CONNECT USER SA
DISCONNECT
/*C1813*/SET SCHEMA PUBLIC
CONNECT USER SA
DISCONNECT
/*C1814*/SET SCHEMA PUBLIC
CONNECT USER SA
DISCONNECT
/*C1815*/SET SCHEMA PUBLIC
CONNECT USER SA
DISCONNECT
/*C1816*/SET SCHEMA PUBLIC
CONNECT USER SA
DISCONNECT
/*C1817*/SET SCHEMA PUBLIC
CONNECT USER SA
DISCONNECT
/*C1818*/SET SCHEMA PUBLIC
CONNECT USER SA
DISCONNECT
/*C1819*/SET SCHEMA PUBLIC
CONNECT USER SA
DISCONNECT
/*C1820*/SET SCHEMA PUBLIC
CONNECT USER SA
DISCONNECT
/*C1821*/SET SCHEMA PUBLIC
CONNECT USER SA
DISCONNECT
/*C1822*/SET SCHEMA PUBLIC
CONNECT USER SA
DISCONNECT
/*C1823*/SET SCHEMA PUBLIC
CONNECT USER SA
DISCONNECT
/*C1824*/SET SCHEMA PUBLIC
CONNECT USER SA
DISCONNECT
/*C1825*/SET SCHEMA PUBLIC
CONNECT USER SA
DISCONNECT
/*C1826*/SET SCHEMA PUBLIC
CONNECT USER SA
DISCONNECT
/*C1827*/SET SCHEMA PUBLIC
CONNECT USER SA
DISCONNECT
/*C1828*/SET SCHEMA PUBLIC
CONNECT USER SA
DISCONNECT
/*C1829*/SET SCHEMA PUBLIC
CONNECT USER SA
DISCONNECT
/*C1830*/SET SCHEMA PUBLIC
CONNECT USER SA
DISCONNECT
/*C1831*/SET SCHEMA PUBLIC
CONNECT USER SA
DISCONNECT
/*C1832*/SET SCHEMA PUBLIC
CONNECT USER SA
DISCONNECT
/*C1833*/SET SCHEMA PUBLIC
CONNECT USER SA
DISCONNECT
/*C1834*/SET SCHEMA PUBLIC
CONNECT USER SA
DISCONNECT
/*C1835*/SET SCHEMA PUBLIC
CONNECT USER SA
DISCONNECT
/*C1836*/SET SCHEMA PUBLIC
CONNECT USER SA
DISCONNECT
/*C1837*/SET SCHEMA PUBLIC
CONNECT USER SA
DISCONNECT
/*C1838*/SET SCHEMA PUBLIC
CONNECT USER SA
DISCONNECT
/*C1839*/SET SCHEMA PUBLIC
CONNECT USER SA
DISCONNECT
/*C1840*/SET SCHEMA PUBLIC
CONNECT USER SA
DISCONNECT
/*C1841*/SET SCHEMA PUBLIC
CONNECT USER SA
DISCONNECT
/*C1842*/SET SCHEMA PUBLIC
CONNECT USER SA
DISCONNECT
/*C1843*/SET SCHEMA PUBLIC
CONNECT USER SA
DISCONNECT
/*C1844*/SET SCHEMA PUBLIC
CONNECT USER SA
DISCONNECT
/*C1845*/SET SCHEMA PUBLIC
CONNECT USER SA
DISCONNECT
/*C1846*/SET SCHEMA PUBLIC
CONNECT USER SA
DISCONNECT
/*C1847*/SET SCHEMA PUBLIC
CONNECT USER SA
DISCONNECT
/*C1848*/SET SCHEMA PUBLIC
CONNECT USER SA
DISCONNECT
/*C1849*/SET SCHEMA PUBLIC
CONNECT USER SA
DISCONNECT
/*C1850*/SET SCHEMA PUBLIC
CONNECT USER SA
DISCONNECT
/*C1851*/SET SCHEMA PUBLIC
CONNECT USER SA
DISCONNECT
/*C1852*/SET SCHEMA PUBLIC
CONNECT USER SA
DISCONNECT
/*C1853*/SET SCHEMA PUBLIC
CONNECT USER SA
DISCONNECT
/*C1854*/SET SCHEMA PUBLIC
CONNECT USER SA
DISCONNECT
/*C1855*/SET SCHEMA PUBLIC
CONNECT USER SA
DISCONNECT
/*C1856*/SET SCHEMA PUBLIC
CONNECT USER SA
DISCONNECT
/*C1857*/SET SCHEMA PUBLIC
CONNECT USER SA
DISCONNECT
/*C1858*/SET SCHEMA PUBLIC
CONNECT USER SA
DISCONNECT
/*C1859*/SET SCHEMA PUBLIC
CONNECT USER SA
DISCONNECT
/*C1860*/SET SCHEMA PUBLIC
CONNECT USER SA
DISCONNECT
/*C1861*/SET SCHEMA PUBLIC
CONNECT USER SA
DISCONNECT
/*C1862*/SET SCHEMA PUBLIC
CONNECT USER SA
DISCONNECT
/*C1863*/SET SCHEMA PUBLIC
CONNECT USER SA
DISCONNECT
/*C1864*/SET SCHEMA PUBLIC
CONNECT USER SA
DISCONNECT
/*C1865*/SET SCHEMA PUBLIC
CONNECT USER SA
DISCONNECT
/*C1866*/SET SCHEMA PUBLIC
CONNECT USER SA
DISCONNECT
/*C1867*/SET SCHEMA PUBLIC
CONNECT USER SA
DISCONNECT
/*C1868*/SET SCHEMA PUBLIC
CONNECT USER SA
DISCONNECT
/*C1869*/SET SCHEMA PUBLIC
CONNECT USER SA
DISCONNECT
/*C1870*/SET SCHEMA PUBLIC
CONNECT USER SA
DISCONNECT
/*C1871*/SET SCHEMA PUBLIC
CONNECT USER SA
DISCONNECT
/*C1872*/SET SCHEMA PUBLIC
CONNECT USER SA
DISCONNECT
/*C1873*/SET SCHEMA PUBLIC
CONNECT USER SA
DISCONNECT
/*C1874*/SET SCHEMA PUBLIC
CONNECT USER SA
DISCONNECT
/*C1875*/SET SCHEMA PUBLIC
CONNECT USER SA
DISCONNECT
/*C1876*/SET SCHEMA PUBLIC
CONNECT USER SA
DISCONNECT
/*C1877*/SET SCHEMA PUBLIC
CONNECT USER SA
DISCONNECT
/*C1878*/SET SCHEMA PUBLIC
CONNECT USER SA
DISCONNECT
/*C1879*/SET SCHEMA PUBLIC
CONNECT USER SA
DISCONNECT
/*C1880*/SET SCHEMA PUBLIC
CONNECT USER SA
DISCONNECT
/*C1881*/SET SCHEMA PUBLIC
CONNECT USER SA
DISCONNECT
/*C1882*/SET SCHEMA PUBLIC
CONNECT USER SA
DISCONNECT
/*C1883*/SET SCHEMA PUBLIC
CONNECT USER SA
DISCONNECT
/*C1884*/SET SCHEMA PUBLIC
CONNECT USER SA
DISCONNECT
/*C1885*/SET SCHEMA PUBLIC
CONNECT USER SA
DISCONNECT
/*C1886*/SET SCHEMA PUBLIC
CONNECT USER SA
DISCONNECT
/*C1887*/SET SCHEMA PUBLIC
CONNECT USER SA
DISCONNECT
/*C1888*/SET SCHEMA PUBLIC
CONNECT USER SA
DISCONNECT
/*C1889*/SET SCHEMA PUBLIC
CONNECT USER SA
DISCONNECT
/*C1890*/SET SCHEMA PUBLIC
CONNECT USER SA
DISCONNECT
/*C1891*/SET SCHEMA PUBLIC
CONNECT USER SA
DISCONNECT
/*C1892*/SET SCHEMA PUBLIC
CONNECT USER SA
DISCONNECT
/*C1893*/SET SCHEMA PUBLIC
CONNECT USER SA
DISCONNECT
/*C1894*/SET SCHEMA PUBLIC
CONNECT USER SA
DISCONNECT
/*C1895*/SET SCHEMA PUBLIC
CONNECT USER SA
DISCONNECT
/*C1896*/SET SCHEMA PUBLIC
CONNECT USER SA
DISCONNECT
/*C1897*/SET SCHEMA PUBLIC
CONNECT USER SA
DISCONNECT
/*C1898*/SET SCHEMA PUBLIC
CONNECT USER SA
DISCONNECT
/*C1899*/SET SCHEMA PUBLIC
CONNECT USER SA
DISCONNECT
/*C1900*/SET SCHEMA PUBLIC
CONNECT USER SA
DISCONNECT
/*C1901*/SET SCHEMA PUBLIC
CONNECT USER SA
DISCONNECT
/*C1902*/SET SCHEMA PUBLIC
CONNECT USER SA
DISCONNECT
/*C1903*/SET SCHEMA PUBLIC
CONNECT USER SA
DISCONNECT
/*C1904*/SET SCHEMA PUBLIC
CONNECT USER SA
DISCONNECT
/*C1905*/SET SCHEMA PUBLIC
CONNECT USER SA
DISCONNECT
/*C1906*/SET SCHEMA PUBLIC
CONNECT USER SA
DISCONNECT
/*C1907*/SET SCHEMA PUBLIC
CONNECT USER SA
DISCONNECT
/*C1908*/SET SCHEMA PUBLIC
CONNECT USER SA
DISCONNECT
/*C1909*/SET SCHEMA PUBLIC
CONNECT USER SA
DISCONNECT
/*C1910*/SET SCHEMA PUBLIC
CONNECT USER SA
DISCONNECT
/*C1911*/SET SCHEMA PUBLIC
CONNECT USER SA
DISCONNECT
/*C1912*/SET SCHEMA PUBLIC
CONNECT USER SA
DISCONNECT
/*C1913*/SET SCHEMA PUBLIC
CONNECT USER SA
DISCONNECT
/*C1914*/SET SCHEMA PUBLIC
CONNECT USER SA
DISCONNECT
/*C1915*/SET SCHEMA PUBLIC
CONNECT USER SA
DISCONNECT
/*C1916*/SET SCHEMA PUBLIC
CONNECT USER SA
DISCONNECT
/*C1917*/SET SCHEMA PUBLIC
CONNECT USER SA
DISCONNECT
/*C1918*/SET SCHEMA PUBLIC
CONNECT USER SA
DISCONNECT
/*C1919*/SET SCHEMA PUBLIC
CONNECT USER SA
DISCONNECT
/*C1920*/SET SCHEMA PUBLIC
CONNECT USER SA
DISCONNECT
/*C1921*/SET SCHEMA PUBLIC
CONNECT USER SA
DISCONNECT
/*C1922*/SET SCHEMA PUBLIC
CONNECT USER SA
DISCONNECT
/*C1923*/SET SCHEMA PUBLIC
CONNECT USER SA
DISCONNECT
/*C1924*/SET SCHEMA PUBLIC
CONNECT USER SA
DISCONNECT
/*C1925*/SET SCHEMA PUBLIC
CONNECT USER SA
DISCONNECT
/*C1926*/SET SCHEMA PUBLIC
CONNECT USER SA
DISCONNECT
/*C1927*/SET SCHEMA PUBLIC
CONNECT USER SA
DISCONNECT
/*C1928*/SET SCHEMA PUBLIC
CONNECT USER SA
DISCONNECT
/*C1929*/SET SCHEMA PUBLIC
CONNECT USER SA
DISCONNECT
/*C1930*/SET SCHEMA PUBLIC
CONNECT USER SA
DISCONNECT
/*C1931*/SET SCHEMA PUBLIC
CONNECT USER SA
DISCONNECT
/*C1932*/SET SCHEMA PUBLIC
CONNECT USER SA
DISCONNECT
/*C1933*/SET SCHEMA PUBLIC
CONNECT USER SA
DISCONNECT
/*C1934*/SET SCHEMA PUBLIC
CONNECT USER SA
DISCONNECT
/*C1935*/SET SCHEMA PUBLIC
CONNECT USER SA
DISCONNECT
/*C1936*/SET SCHEMA PUBLIC
CONNECT USER SA
DISCONNECT
/*C1937*/SET SCHEMA PUBLIC
CONNECT USER SA
DISCONNECT
/*C1938*/SET SCHEMA PUBLIC
CONNECT USER SA
DISCONNECT
/*C1939*/SET SCHEMA PUBLIC
CONNECT USER SA
DISCONNECT
/*C1940*/SET SCHEMA PUBLIC
CONNECT USER SA
DISCONNECT
/*C1941*/SET SCHEMA PUBLIC
CONNECT USER SA
DISCONNECT
/*C1942*/SET SCHEMA PUBLIC
CONNECT USER SA
DISCONNECT
/*C1943*/SET SCHEMA PUBLIC
CONNECT USER SA
DISCONNECT
/*C1944*/SET SCHEMA PUBLIC
CONNECT USER SA
DISCONNECT
/*C1945*/SET SCHEMA PUBLIC
CONNECT USER SA
DISCONNECT
/*C1946*/SET SCHEMA PUBLIC
CONNECT USER SA
DISCONNECT
/*C1947*/SET SCHEMA PUBLIC
CONNECT USER SA
DISCONNECT
/*C1948*/SET SCHEMA PUBLIC
CONNECT USER SA
DISCONNECT
/*C1949*/SET SCHEMA PUBLIC
CONNECT USER SA
DISCONNECT
/*C1950*/SET SCHEMA PUBLIC
CONNECT USER SA
DISCONNECT
/*C1951*/SET SCHEMA PUBLIC
CONNECT USER SA
DISCONNECT
/*C1952*/SET SCHEMA PUBLIC
CONNECT USER SA
DISCONNECT
/*C1953*/SET SCHEMA PUBLIC
CONNECT USER SA
INSERT INTO NOTAS VALUES(6,28,13,22,10,8.0E0)
DISCONNECT
/*C1954*/SET SCHEMA PUBLIC
CONNECT USER SA
DISCONNECT
/*C1955*/SET SCHEMA PUBLIC
CONNECT USER SA
DISCONNECT
/*C1956*/SET SCHEMA PUBLIC
CONNECT USER SA
DISCONNECT
/*C1957*/SET SCHEMA PUBLIC
CONNECT USER SA
DISCONNECT
/*C1958*/SET SCHEMA PUBLIC
CONNECT USER SA
DISCONNECT
/*C1959*/SET SCHEMA PUBLIC
CONNECT USER SA
DISCONNECT
/*C1960*/SET SCHEMA PUBLIC
CONNECT USER SA
DISCONNECT
/*C1961*/SET SCHEMA PUBLIC
CONNECT USER SA
DISCONNECT
/*C1962*/SET SCHEMA PUBLIC
CONNECT USER SA
DISCONNECT
/*C1963*/SET SCHEMA PUBLIC
CONNECT USER SA
DISCONNECT
/*C1964*/SET SCHEMA PUBLIC
CONNECT USER SA
DISCONNECT
/*C1965*/SET SCHEMA PUBLIC
CONNECT USER SA
DISCONNECT
/*C1966*/SET SCHEMA PUBLIC
CONNECT USER SA
DISCONNECT
/*C1967*/SET SCHEMA PUBLIC
CONNECT USER SA
DISCONNECT
/*C1968*/SET SCHEMA PUBLIC
CONNECT USER SA
DISCONNECT
/*C1969*/SET SCHEMA PUBLIC
CONNECT USER SA
DISCONNECT
/*C1970*/SET SCHEMA PUBLIC
CONNECT USER SA
DISCONNECT
/*C1971*/SET SCHEMA PUBLIC
CONNECT USER SA
DISCONNECT
/*C1972*/SET SCHEMA PUBLIC
CONNECT USER SA
DISCONNECT
/*C1973*/SET SCHEMA PUBLIC
CONNECT USER SA
DISCONNECT
/*C1974*/SET SCHEMA PUBLIC
CONNECT USER SA
DISCONNECT
/*C1975*/SET SCHEMA PUBLIC
CONNECT USER SA
DISCONNECT
/*C1976*/SET SCHEMA PUBLIC
CONNECT USER SA
DISCONNECT
/*C1977*/SET SCHEMA PUBLIC
CONNECT USER SA
DISCONNECT
/*C1978*/SET SCHEMA PUBLIC
CONNECT USER SA
DISCONNECT
/*C1979*/SET SCHEMA PUBLIC
CONNECT USER SA
DISCONNECT
/*C1980*/SET SCHEMA PUBLIC
CONNECT USER SA
DISCONNECT
/*C1981*/SET SCHEMA PUBLIC
CONNECT USER SA
DISCONNECT
/*C1982*/SET SCHEMA PUBLIC
CONNECT USER SA
DISCONNECT
/*C1983*/SET SCHEMA PUBLIC
CONNECT USER SA
DISCONNECT
/*C1984*/SET SCHEMA PUBLIC
CONNECT USER SA
DISCONNECT
/*C1985*/SET SCHEMA PUBLIC
CONNECT USER SA
DISCONNECT
/*C1986*/SET SCHEMA PUBLIC
CONNECT USER SA
DISCONNECT
/*C1987*/SET SCHEMA PUBLIC
CONNECT USER SA
DISCONNECT
/*C1988*/SET SCHEMA PUBLIC
CONNECT USER SA
DISCONNECT
/*C1989*/SET SCHEMA PUBLIC
CONNECT USER SA
DISCONNECT
/*C1990*/SET SCHEMA PUBLIC
CONNECT USER SA
DISCONNECT
/*C1991*/SET SCHEMA PUBLIC
CONNECT USER SA
DISCONNECT
/*C1992*/SET SCHEMA PUBLIC
CONNECT USER SA
DISCONNECT
/*C1993*/SET SCHEMA PUBLIC
CONNECT USER SA
DISCONNECT
/*C1994*/SET SCHEMA PUBLIC
CONNECT USER SA
DISCONNECT
/*C1995*/SET SCHEMA PUBLIC
CONNECT USER SA
DISCONNECT
/*C1996*/SET SCHEMA PUBLIC
CONNECT USER SA
DISCONNECT
/*C1997*/SET SCHEMA PUBLIC
CONNECT USER SA
DISCONNECT
/*C1998*/SET SCHEMA PUBLIC
CONNECT USER SA
DISCONNECT
/*C1999*/SET SCHEMA PUBLIC
CONNECT USER SA
DISCONNECT
/*C2000*/SET SCHEMA PUBLIC
CONNECT USER SA
DISCONNECT
/*C2001*/SET SCHEMA PUBLIC
CONNECT USER SA
DISCONNECT
/*C2002*/SET SCHEMA PUBLIC
CONNECT USER SA
DISCONNECT
/*C2003*/SET SCHEMA PUBLIC
CONNECT USER SA
DISCONNECT
/*C2004*/SET SCHEMA PUBLIC
CONNECT USER SA
DISCONNECT
/*C2005*/SET SCHEMA PUBLIC
CONNECT USER SA
DISCONNECT
/*C2006*/SET SCHEMA PUBLIC
CONNECT USER SA
DISCONNECT
/*C2007*/SET SCHEMA PUBLIC
CONNECT USER SA
DISCONNECT
/*C2008*/SET SCHEMA PUBLIC
CONNECT USER SA
DISCONNECT
/*C2009*/SET SCHEMA PUBLIC
CONNECT USER SA
DISCONNECT
/*C2010*/SET SCHEMA PUBLIC
CONNECT USER SA
DISCONNECT
/*C2011*/SET SCHEMA PUBLIC
CONNECT USER SA
DISCONNECT
/*C2012*/SET SCHEMA PUBLIC
CONNECT USER SA
DISCONNECT
/*C2013*/SET SCHEMA PUBLIC
CONNECT USER SA
DISCONNECT
/*C2014*/SET SCHEMA PUBLIC
CONNECT USER SA
DISCONNECT
/*C2015*/SET SCHEMA PUBLIC
CONNECT USER SA
SET AUTOCOMMIT FALSE
DELETE FROM CURSOS WHERE ID=18
INSERT INTO CURSOS VALUES(18,0,'Jogos Digitais',76,FALSE,FALSE,TRUE,'Descri\u00e7\u00e3o n\u00e3o informada')
SET AUTOCOMMIT TRUE
DISCONNECT
/*C2016*/SET SCHEMA PUBLIC
CONNECT USER SA
DISCONNECT
/*C2017*/SET SCHEMA PUBLIC
CONNECT USER SA
DISCONNECT
/*C2018*/SET SCHEMA PUBLIC
CONNECT USER SA
DISCONNECT
/*C2019*/SET SCHEMA PUBLIC
CONNECT USER SA
DISCONNECT
/*C2020*/SET SCHEMA PUBLIC
CONNECT USER SA
DISCONNECT
/*C2021*/SET SCHEMA PUBLIC
CONNECT USER SA
DISCONNECT
/*C2022*/SET SCHEMA PUBLIC
CONNECT USER SA
DISCONNECT
/*C2023*/SET SCHEMA PUBLIC
CONNECT USER SA
DISCONNECT
/*C2024*/SET SCHEMA PUBLIC
CONNECT USER SA
DISCONNECT
/*C2025*/SET SCHEMA PUBLIC
CONNECT USER SA
DISCONNECT
/*C2026*/SET SCHEMA PUBLIC
CONNECT USER SA
DISCONNECT
/*C2027*/SET SCHEMA PUBLIC
CONNECT USER SA
DISCONNECT
/*C2028*/SET SCHEMA PUBLIC
CONNECT USER SA
DISCONNECT
/*C2029*/SET SCHEMA PUBLIC
CONNECT USER SA
DISCONNECT
/*C2030*/SET SCHEMA PUBLIC
CONNECT USER SA
DISCONNECT
/*C2031*/SET SCHEMA PUBLIC
CONNECT USER SA
DISCONNECT
/*C2032*/SET SCHEMA PUBLIC
CONNECT USER SA
DISCONNECT
/*C2033*/SET SCHEMA PUBLIC
CONNECT USER SA
DISCONNECT
/*C2034*/SET SCHEMA PUBLIC
CONNECT USER SA
SET AUTOCOMMIT FALSE
DELETE FROM CURSOS WHERE ID=17
INSERT INTO CURSOS VALUES(17,0,'Ciencia da Computa\u00e7\u00e3o',10,FALSE,TRUE,TRUE,'Descri\u00e7\u00e3o n\u00e3o informada')
SET AUTOCOMMIT TRUE
DISCONNECT
/*C2035*/SET SCHEMA PUBLIC
CONNECT USER SA
DISCONNECT
/*C2036*/SET SCHEMA PUBLIC
CONNECT USER SA
DISCONNECT
/*C2037*/SET SCHEMA PUBLIC
CONNECT USER SA
DISCONNECT
/*C2038*/SET SCHEMA PUBLIC
CONNECT USER SA
DISCONNECT
/*C2039*/SET SCHEMA PUBLIC
CONNECT USER SA
DISCONNECT
/*C2040*/SET SCHEMA PUBLIC
CONNECT USER SA
DISCONNECT
/*C2041*/SET SCHEMA PUBLIC
CONNECT USER SA
DISCONNECT
/*C2042*/SET SCHEMA PUBLIC
CONNECT USER SA
DISCONNECT
/*C2043*/SET SCHEMA PUBLIC
CONNECT USER SA
DISCONNECT
/*C2044*/SET SCHEMA PUBLIC
CONNECT USER SA
DISCONNECT
/*C2045*/SET SCHEMA PUBLIC
CONNECT USER SA
DISCONNECT
/*C2046*/SET SCHEMA PUBLIC
CONNECT USER SA
DISCONNECT
/*C2047*/SET SCHEMA PUBLIC
CONNECT USER SA
DISCONNECT
/*C2048*/SET SCHEMA PUBLIC
CONNECT USER SA
DISCONNECT
/*C2049*/SET SCHEMA PUBLIC
CONNECT USER SA
DISCONNECT
/*C2050*/SET SCHEMA PUBLIC
CONNECT USER SA
DISCONNECT
/*C2051*/SET SCHEMA PUBLIC
CONNECT USER SA
DISCONNECT
/*C2052*/SET SCHEMA PUBLIC
CONNECT USER SA
DISCONNECT
/*C2053*/SET SCHEMA PUBLIC
CONNECT USER SA
DISCONNECT
/*C2054*/SET SCHEMA PUBLIC
CONNECT USER SA
DISCONNECT
/*C2055*/SET SCHEMA PUBLIC
CONNECT USER SA
DISCONNECT
/*C2056*/SET SCHEMA PUBLIC
CONNECT USER SA
DISCONNECT
/*C2057*/SET SCHEMA PUBLIC
CONNECT USER SA
DISCONNECT
